<?xml version="1.0" encoding="UTF-8"?>
<!-- Generated by org.testng.reporters.JUnitReportReporter -->
<testsuite skipped="0" hostname="Sahebstua" name="com.learn.selenium.Test01_J" tests="1" failures="0" timestamp="26 Mar 2018 18:33:13 GMT" time="25.537" errors="0">
  <testcase name="test" time="25.537" classname="com.learn.selenium.Test01_J"/>
</testsuite> <!-- com.learn.selenium.Test01_J -->
